[01m[K/root/CSE180/src/lab4/src/drawsquarefb.cpp:[m[K In function ‘[01m[Kint main(int, char**)[m[K’:
[01m[K/root/CSE180/src/lab4/src/drawsquarefb.cpp:49:9:[m[K [01;31m[Kerror: [m[Kdeclaration of ‘[01m[Kcoords[m[K’ as multidimensional array must have bounds for all dimensions except the first
   49 |  double [01;31m[Kcoords[m[K[][] = {[1, 0], [1, -1]};
      |         [01;31m[K^~~~~~[m[K
[01m[K/root/CSE180/src/lab4/src/drawsquarefb.cpp:49:24:[m[K [01;31m[Kerror: [m[Kexpected identifier before numeric constant
   49 |  double coords[][] = {[[01;31m[K1[m[K, 0], [1, -1]};
      |                        [01;31m[K^[m[K
[01m[K/root/CSE180/src/lab4/src/drawsquarefb.cpp:49:25:[m[K [01;31m[Kerror: [m[Kexpected ‘[01m[K][m[K’ before ‘[01m[K,[m[K’ token
   49 |  double coords[][] = {[1[01;31m[K,[m[K 0], [1, -1]};
      |                         [01;31m[K^[m[K
      |                         [32m[K][m[K
[01m[K/root/CSE180/src/lab4/src/drawsquarefb.cpp:[m[K In lambda function:
[01m[K/root/CSE180/src/lab4/src/drawsquarefb.cpp:49:25:[m[K [01;31m[Kerror: [m[Kexpected ‘[01m[K{[m[K’ before ‘[01m[K,[m[K’ token
[01m[K/root/CSE180/src/lab4/src/drawsquarefb.cpp:[m[K In function ‘[01m[Kint main(int, char**)[m[K’:
[01m[K/root/CSE180/src/lab4/src/drawsquarefb.cpp:49:28:[m[K [01;31m[Kerror: [m[Kexpected ‘[01m[K}[m[K’ before ‘[01m[K][m[K’ token
   49 |  double coords[][] = [32m[K{[m[K[1, 0[01;31m[K][m[K, [1, -1]};
      |                      [32m[K~[m[K     [01;31m[K^[m[K
[01m[K/root/CSE180/src/lab4/src/drawsquarefb.cpp:46:9:[m[K [01;35m[Kwarning: [m[Kunused variable ‘[01m[KDIRS[m[K’ [[01;35m[K-Wunused-variable[m[K]
   46 |  double [01;35m[KDIRS[m[K[] = {0,M_PI/2,M_PI,M_PI/2};
      |         [01;35m[K^~~~[m[K
[01m[K/root/CSE180/src/lab4/src/drawsquarefb.cpp:48:6:[m[K [01;35m[Kwarning: [m[Kunused variable ‘[01m[KyawAt[m[K’ [[01;35m[K-Wunused-variable[m[K]
   48 |  int [01;35m[KyawAt[m[K = 1;
      |      [01;35m[K^~~~~[m[K
[01m[K/root/CSE180/src/lab4/src/drawsquarefb.cpp:[m[K At global scope:
[01m[K/root/CSE180/src/lab4/src/drawsquarefb.cpp:49:39:[m[K [01;35m[Kwarning: [m[Kextra ‘[01m[K;[m[K’ [[01;35m[K-Wpedantic[m[K]
   49 |  double coords[][] = {[1, 0], [1, -1]}[01;35m[K;[m[K
      |                                       [01;35m[K^[m[K
[01m[K/root/CSE180/src/lab4/src/drawsquarefb.cpp:52:2:[m[K [01;31m[Kerror: [m[Kexpected unqualified-id before ‘[01m[Kwhile[m[K’
   52 |  [01;31m[Kwhile[m[K (rclcpp::ok()) {
      |  [01;31m[K^~~~~[m[K
[01m[K/root/CSE180/src/lab4/src/drawsquarefb.cpp:75:1:[m[K [01;31m[Kerror: [m[Kexpected declaration before ‘[01m[K}[m[K’ token
   75 | [01;31m[K}[m[K
      | [01;31m[K^[m[K
make[2]: *** [CMakeFiles/drawsquarefb.dir/build.make:63: CMakeFiles/drawsquarefb.dir/src/drawsquarefb.cpp.o] Error 1
make[1]: *** [CMakeFiles/Makefile2:78: CMakeFiles/drawsquarefb.dir/all] Error 2
make: *** [Makefile:141: all] Error 2
